Model: "sequential"
_________________________________________________________________
Layer (type)                 Output Shape              Param #   
=================================================================
conv2d (Conv2D)              (None, 20, 20, 32)        8224      
_________________________________________________________________
conv2d_1 (Conv2D)            (None, 9, 9, 64)          32832     
_________________________________________________________________
conv2d_2 (Conv2D)            (None, 7, 7, 64)          36928     
_________________________________________________________________
flatten (Flatten)            (None, 3136)              0         
_________________________________________________________________
dense (Dense)                (None, 512)               1606144   
_________________________________________________________________
dense_1 (Dense)              (None, 6)                 3078      
=================================================================
Total params: 1,687,206
Trainable params: 1,687,206
Non-trainable params: 0
_________________________________________________________________
None
Training BatchmodeDQNAgent on pong for 3000000 timesteps with seed=0
timestep  episode  avg_return  epsilon
0  334  -21.0  0.100
5000  340  -21.0  0.100
10000  346  -20.99  0.100
15000  353  -20.96  0.100
20000  359  -20.96  0.100
25000  366  -20.93  0.100
30000  372  -20.92  0.100
35000  378  -20.91  0.100
40000  385  -20.91  0.100
45000  391  -20.86  0.100
50000  398  -20.85  0.100
55000  404  -20.82  0.100
60000  410  -20.76  0.100
65000  416  -20.74  0.100
70000  422  -20.7  0.100
75000  428  -20.67  0.100
80000  433  -20.63  0.100
85000  440  -20.62  0.100
90000  446  -20.58  0.100
95000  452  -20.56  0.100
100000  458  -20.57  0.100
105000  465  -20.6  0.100
110000  472  -20.61  0.100
115000  479  -20.62  0.100
120000  485  -20.62  0.100
125000  490  -20.6  0.100
130000  495  -20.58  0.100
135000  500  -20.57  0.100
140000  506  -20.57  0.100
145000  512  -20.61  0.100
150000  519  -20.63  0.100
155000  525  -20.67  0.100
160000  531  -20.72  0.100
165000  538  -20.74  0.100
170000  545  -20.79  0.100
175000  551  -20.82  0.100
180000  557  -20.82  0.100
185000  563  -20.79  0.100
190000  569  -20.76  0.100
195000  574  -20.72  0.100
200000  580  -20.66  0.100
205000  586  -20.64  0.100
210000  592  -20.7  0.100
215000  597  -20.7  0.100
220000  603  -20.74  0.100
225000  607  -20.68  0.100
230000  612  -20.62  0.100
235000  618  -20.6  0.100
240000  623  -20.56  0.100
245000  630  -20.56  0.100
250000  636  -20.54  0.100
255000  641  -20.49  0.100
260000  647  -20.44  0.100
265000  652  -20.4  0.100
270000  656  -20.32  0.100
275000  660  -20.32  0.100
280000  666  -20.33  0.100
285000  670  -20.28  0.100
290000  675  -20.3  0.100
295000  679  -20.31  0.100
300000  683  -20.25  0.100
305000  688  -20.21  0.100
310000  693  -20.19  0.100
315000  698  -20.15  0.100
320000  703  -20.11  0.100
325000  709  -20.15  0.100
330000  714  -20.13  0.100
335000  719  -20.07  0.100
340000  724  -20.01  0.100
345000  728  -19.93  0.100
350000  732  -19.87  0.100
355000  736  -19.84  0.100
360000  740  -19.79  0.100
365000  743  -19.75  0.100
370000  746  -19.67  0.100
375000  749  -19.6  0.100
380000  753  -19.56  0.100
385000  757  -19.5  0.100
390000  759  -19.48  0.100
395000  763  -19.42  0.100
400000  766  -19.36  0.100
405000  769  -19.27  0.100
410000  772  -19.23  0.100
415000  775  -19.18  0.100
420000  778  -19.15  0.100
425000  781  -19.09  0.100
430000  784  -19.08  0.100
435000  787  -18.96  0.100
440000  789  -18.9  0.100
445000  793  -18.82  0.100
450000  796  -18.84  0.100
455000  799  -18.81  0.100
460000  802  -18.7  0.100
465000  805  -18.67  0.100
470000  807  -18.61  0.100
475000  810  -18.54  0.100
480000  812  -18.49  0.100
485000  814  -18.42  0.100
490000  817  -18.34  0.100
495000  819  -18.3  0.100
500000  822  -18.25  0.100
505000  824  -18.18  0.100
510000  827  -18.07  0.100
515000  829  -18.05  0.100
520000  832  -17.98  0.100
525000  834  -17.87  0.100
530000  837  -17.81  0.100
535000  839  -17.75  0.100
540000  842  -17.69  0.100
545000  844  -17.64  0.100
550000  846  -17.65  0.100
555000  849  -17.67  0.100
560000  851  -17.65  0.100
565000  854  -17.63  0.100
570000  856  -17.54  0.100
575000  858  -17.49  0.100
580000  861  -17.42  0.100
585000  863  -17.26  0.100
590000  864  -17.21  0.100
595000  867  -16.97  0.100
600000  869  -16.95  0.100
605000  871  -16.94  0.100
610000  873  -16.88  0.100
615000  875  -16.73  0.100
620000  878  -16.65  0.100
625000  880  -16.67  0.100
630000  883  -16.63  0.100
635000  885  -16.64  0.100
640000  887  -16.63  0.100
645000  889  -16.57  0.100
650000  891  -16.57  0.100
655000  893  -16.44  0.100
660000  895  -16.32  0.100
665000  896  -16.23  0.100
670000  898  -16.14  0.100
675000  900  -16.13  0.100
680000  902  -16.1  0.100
685000  904  -16.01  0.100
690000  906  -15.93  0.100
695000  907  -15.88  0.100
700000  909  -15.87  0.100
705000  911  -15.88  0.100
710000  913  -15.85  0.100
715000  915  -15.83  0.100
720000  917  -15.73  0.100
725000  919  -15.73  0.100
730000  920  -15.65  0.100
735000  922  -15.55  0.100
740000  924  -15.46  0.100
745000  925  -15.45  0.100
750000  927  -15.43  0.100
755000  929  -15.35  0.100
760000  931  -15.39  0.100
765000  932  -15.28  0.100
770000  934  -15.24  0.100
775000  935  -15.23  0.100
780000  937  -15.13  0.100
785000  939  -15.13  0.100
790000  941  -15.05  0.100
795000  942  -15.01  0.100
800000  944  -14.96  0.100
805000  945  -14.92  0.100
810000  947  -14.86  0.100
815000  948  -14.78  0.100
820000  950  -14.63  0.100
825000  952  -14.54  0.100
830000  954  -14.57  0.100
835000  955  -14.5  0.100
840000  957  -14.36  0.100
845000  958  -14.34  0.100
850000  960  -14.23  0.100
855000  961  -14.15  0.100
860000  963  -14.18  0.100
865000  964  -14.18  0.100
870000  966  -14.2  0.100
875000  967  -14.16  0.100
880000  969  -14.1  0.100
885000  970  -14.07  0.100
890000  972  -13.92  0.100
895000  973  -13.85  0.100
900000  974  -13.87  0.100
905000  976  -13.87  0.100
910000  977  -13.87  0.100
915000  978  -13.77  0.100
920000  979  -13.67  0.100
925000  981  -13.49  0.100
930000  982  -13.47  0.100
935000  983  -13.44  0.100
940000  984  -13.28  0.100
945000  985  -13.2  0.100
950000  987  -13.1  0.100
955000  988  -13.11  0.100
960000  990  -13.02  0.100
965000  991  -12.87  0.100
970000  992  -12.81  0.100
975000  993  -12.78  0.100
980000  995  -12.71  0.100
985000  996  -12.68  0.100
990000  998  -12.64  0.100
995000  999  -12.59  0.100
1000000  1001  -12.59  0.100
1005000  1002  -12.47  0.100
1010000  1003  -12.46  0.100
1015000  1005  -12.38  0.100
1020000  1006  -12.31  0.100
1025000  1008  -12.24  0.100
1030000  1009  -12.21  0.100
1035000  1010  -12.18  0.100
1040000  1011  -12.16  0.100
1045000  1013  -12.05  0.100
1050000  1014  -11.98  0.100
1055000  1016  -11.9  0.100
1060000  1017  -11.88  0.100
1065000  1018  -11.82  0.100
1070000  1019  -11.76  0.100
1075000  1020  -11.75  0.100
1080000  1020  -11.75  0.100
1085000  1022  -11.69  0.100
1090000  1023  -11.7  0.100
1095000  1024  -11.7  0.100
1100000  1025  -11.6  0.100
1105000  1027  -11.49  0.100
1110000  1028  -11.37  0.100
1115000  1029  -11.29  0.100
1120000  1030  -11.24  0.100
1125000  1031  -11.21  0.100
1130000  1033  -11.1  0.100
1135000  1034  -11.08  0.100
1140000  1036  -11.03  0.100
1145000  1037  -10.95  0.100
1150000  1038  -10.85  0.100
1155000  1039  -10.83  0.100
1160000  1040  -10.78  0.100
1165000  1041  -10.73  0.100
1170000  1042  -10.71  0.100
1175000  1044  -10.68  0.100
1180000  1045  -10.66  0.100
1185000  1046  -10.54  0.100
1190000  1047  -10.53  0.100
1195000  1049  -10.43  0.100
1200000  1051  -10.47  0.100
1205000  1052  -10.41  0.100
1210000  1053  -10.31  0.100
1215000  1054  -10.25  0.100
1220000  1056  -10.29  0.100
1225000  1056  -10.29  0.100
1230000  1057  -10.25  0.100
1235000  1058  -10.21  0.100
1240000  1060  -10.18  0.100
1245000  1061  -10.15  0.100
1250000  1062  -10.14  0.100
1255000  1064  -10.05  0.100
1260000  1065  -10.08  0.100
1265000  1066  -10.07  0.100
1270000  1067  -9.98  0.100
1275000  1068  -9.88  0.100
1280000  1069  -9.82  0.100
1285000  1071  -9.71  0.100
1290000  1072  -9.61  0.100
1295000  1073  -9.71  0.100
1300000  1074  -9.71  0.100
1305000  1076  -9.6  0.100
1310000  1077  -9.54  0.100
1315000  1078  -9.49  0.100
1320000  1079  -9.46  0.100
1325000  1081  -9.49  0.100
1330000  1082  -9.5  0.100
1335000  1083  -9.37  0.100
1340000  1084  -9.46  0.100
1345000  1086  -9.45  0.100
1350000  1087  -9.4  0.100
1355000  1088  -9.32  0.100
1360000  1089  -9.31  0.100
1365000  1090  -9.25  0.100
1370000  1091  -9.3  0.100
1375000  1093  -9.31  0.100
1380000  1094  -9.35  0.100
1385000  1095  -9.31  0.100
1390000  1096  -9.27  0.100
1395000  1097  -9.11  0.100
1400000  1098  -8.99  0.100
1405000  1099  -8.92  0.100
1410000  1101  -8.79  0.100
1415000  1102  -8.76  0.100
1420000  1103  -8.66  0.100
1425000  1104  -8.65  0.100
1430000  1105  -8.54  0.100
1435000  1107  -8.46  0.100
1440000  1108  -8.3  0.100
1445000  1109  -8.21  0.100
1450000  1110  -8.1  0.100
1455000  1111  -7.96  0.100
1460000  1113  -7.82  0.100
1465000  1114  -7.76  0.100
1470000  1115  -7.51  0.100
1475000  1116  -7.48  0.100
1480000  1117  -7.37  0.100
1485000  1118  -7.31  0.100
1490000  1119  -7.26  0.100
1495000  1121  -7.17  0.100
1500000  1122  -7.07  0.100
1505000  1123  -7.01  0.100
1510000  1124  -6.98  0.100
1515000  1125  -6.95  0.100
1520000  1127  -6.89  0.100
1525000  1128  -6.93  0.100
1530000  1129  -6.82  0.100
1535000  1130  -6.69  0.100
1540000  1131  -6.48  0.100
1545000  1132  -6.48  0.100
1550000  1133  -6.43  0.100
1555000  1134  -6.38  0.100
1560000  1135  -6.23  0.100
1565000  1136  -6.1  0.100
1570000  1137  -6.01  0.100
1575000  1138  -5.97  0.100
1580000  1140  -5.93  0.100
1585000  1141  -5.95  0.100
1590000  1142  -5.85  0.100
1595000  1143  -5.73  0.100
1600000  1144  -5.61  0.100
1605000  1145  -5.52  0.100
1610000  1146  -5.47  0.100
1615000  1147  -5.33  0.100
1620000  1148  -5.33  0.100
1625000  1149  -5.15  0.100
1630000  1150  -5.07  0.100
1635000  1151  -4.86  0.100
1640000  1152  -4.86  0.100
1645000  1153  -4.78  0.100
1650000  1154  -4.67  0.100
1655000  1156  -4.45  0.100
1660000  1157  -4.41  0.100
1665000  1158  -4.34  0.100
1670000  1159  -4.27  0.100
1675000  1160  -4.28  0.100
1680000  1161  -4.14  0.100
1685000  1162  -3.98  0.100
1690000  1163  -3.91  0.100
1695000  1165  -3.62  0.100
1700000  1166  -3.46  0.100
1705000  1167  -3.48  0.100
1710000  1168  -3.5  0.100
1715000  1169  -3.39  0.100
1720000  1170  -3.27  0.100
1725000  1171  -3.2  0.100
1730000  1172  -3.24  0.100
1735000  1173  -3.03  0.100
1740000  1174  -2.91  0.100
1745000  1175  -2.72  0.100
1750000  1176  -2.57  0.100
1755000  1177  -2.4  0.100
1760000  1178  -2.28  0.100
1765000  1179  -2.16  0.100
1770000  1181  -1.93  0.100
1775000  1182  -1.71  0.100
1780000  1183  -1.69  0.100
1785000  1184  -1.47  0.100
1790000  1185  -1.34  0.100
1795000  1186  -1.2  0.100
1800000  1188  -0.97  0.100
1805000  1189  -0.85  0.100
1810000  1190  -0.71  0.100
1815000  1191  -0.54  0.100
1820000  1193  -0.41  0.100
1825000  1194  -0.18  0.100
1830000  1195  0.0  0.100
1835000  1196  0.09  0.100
1840000  1198  0.17  0.100
1845000  1199  0.34  0.100
1850000  1201  0.68  0.100
1855000  1202  0.73  0.100
1860000  1203  0.81  0.100
1865000  1205  1.12  0.100
1870000  1206  1.27  0.100
1875000  1208  1.51  0.100
1880000  1209  1.69  0.100
1885000  1210  1.79  0.100
1890000  1212  2.07  0.100
1895000  1213  2.15  0.100
1900000  1214  2.26  0.100
1905000  1216  2.21  0.100
1910000  1218  2.52  0.100
1915000  1219  2.66  0.100
1920000  1220  2.85  0.100
1925000  1222  3.13  0.100
1930000  1224  3.49  0.100
1935000  1225  3.57  0.100
1940000  1227  3.93  0.100
1945000  1228  4.1  0.100
1950000  1229  4.11  0.100
1955000  1231  4.28  0.100
1960000  1233  4.49  0.100
1965000  1234  4.64  0.100
1970000  1236  4.75  0.100
1975000  1237  4.83  0.100
1980000  1239  5.07  0.100
1985000  1240  5.28  0.100
1990000  1241  5.41  0.100
1995000  1243  5.69  0.100
2000000  1245  5.98  0.100
2005000  1247  6.24  0.100
2010000  1248  6.42  0.100
2015000  1250  6.47  0.100
2020000  1251  6.47  0.100
2025000  1253  6.71  0.100
2030000  1254  6.87  0.100
2035000  1256  7.18  0.100
2040000  1257  7.31  0.100
2045000  1259  7.49  0.100
2050000  1260  7.59  0.100
2055000  1262  7.78  0.100
2060000  1263  7.97  0.100
2065000  1265  7.92  0.100
2070000  1266  7.87  0.100
2075000  1268  8.2  0.100
2080000  1270  8.37  0.100
2085000  1272  8.7  0.100
2090000  1273  8.82  0.100
2095000  1275  8.99  0.100
2100000  1277  9.08  0.100
2105000  1278  9.12  0.100
2110000  1280  9.15  0.100
2115000  1281  9.23  0.100
2120000  1282  9.21  0.100
2125000  1284  9.2  0.100
2130000  1285  9.29  0.100
2135000  1287  9.34  0.100
2140000  1289  9.42  0.100
2145000  1290  9.45  0.100
2150000  1291  9.45  0.100
2155000  1293  9.64  0.100
2160000  1295  9.72  0.100
2165000  1296  9.76  0.100
2170000  1298  9.91  0.100
2175000  1299  9.91  0.100
2180000  1301  9.87  0.100
2185000  1303  10.07  0.100
2190000  1305  10.18  0.100
2195000  1306  10.19  0.100
2200000  1308  10.25  0.100
2205000  1309  10.22  0.100
2210000  1311  10.25  0.100
2215000  1313  10.22  0.100
2220000  1314  10.18  0.100
2225000  1316  10.31  0.100
2230000  1317  10.29  0.100
2235000  1319  10.27  0.100
2240000  1321  10.26  0.100
2245000  1322  10.18  0.100
2250000  1323  10.08  0.100
2255000  1325  10.16  0.100
2260000  1326  10.2  0.100
2265000  1328  10.21  0.100
2270000  1330  10.36  0.100
2275000  1331  10.31  0.100
2280000  1333  10.32  0.100
2285000  1335  10.4  0.100
2290000  1337  10.52  0.100
2295000  1338  10.58  0.100
2300000  1340  10.55  0.100
2305000  1342  10.7  0.100
2310000  1344  10.68  0.100
2315000  1345  10.61  0.100
2320000  1347  10.42  0.100
2325000  1349  10.45  0.100
2330000  1351  10.65  0.100
2335000  1352  10.7  0.100
2340000  1354  10.71  0.100
2345000  1356  10.68  0.100
2350000  1357  10.71  0.100
