Model: "sequential"
_________________________________________________________________
Layer (type)                 Output Shape              Param #   
=================================================================
conv2d (Conv2D)              (None, 20, 20, 32)        8224      
_________________________________________________________________
conv2d_1 (Conv2D)            (None, 9, 9, 64)          32832     
_________________________________________________________________
conv2d_2 (Conv2D)            (None, 7, 7, 64)          36928     
_________________________________________________________________
flatten (Flatten)            (None, 3136)              0         
_________________________________________________________________
dense (Dense)                (None, 512)               1606144   
_________________________________________________________________
dense_1 (Dense)              (None, 6)                 3078      
=================================================================
Total params: 1,687,206
Trainable params: 1,687,206
Non-trainable params: 0
_________________________________________________________________
None
Training BatchmodeDQNAgent on pong for 3000000 timesteps with seed=0
timestep  episode  avg_return  epsilon
0  334  -21.0  0.100
5000  340  -20.98  0.100
10000  346  -20.97  0.100
15000  352  -20.96  0.100
20000  359  -20.93  0.100
25000  365  -20.92  0.100
30000  372  -20.9  0.100
35000  378  -20.88  0.100
40000  384  -20.85  0.100
45000  391  -20.84  0.100
50000  397  -20.82  0.100
55000  403  -20.8  0.100
60000  409  -20.76  0.100
65000  415  -20.76  0.100
70000  422  -20.74  0.100
75000  428  -20.72  0.100
80000  434  -20.71  0.100
85000  440  -20.69  0.100
90000  447  -20.66  0.100
95000  453  -20.67  0.100
100000  459  -20.69  0.100
105000  464  -20.64  0.100
110000  469  -20.62  0.100
115000  475  -20.62  0.100
120000  481  -20.61  0.100
125000  488  -20.64  0.100
130000  495  -20.64  0.100
135000  500  -20.64  0.100
140000  506  -20.61  0.100
145000  511  -20.58  0.100
150000  516  -20.53  0.100
155000  521  -20.47  0.100
160000  526  -20.4  0.100
165000  531  -20.39  0.100
170000  537  -20.38  0.100
175000  542  -20.39  0.100
180000  547  -20.41  0.100
185000  552  -20.37  0.100
190000  557  -20.29  0.100
195000  563  -20.31  0.100
200000  569  -20.29  0.100
205000  575  -20.31  0.100
210000  581  -20.32  0.100
215000  586  -20.29  0.100
220000  592  -20.27  0.100
225000  597  -20.26  0.100
230000  603  -20.25  0.100
235000  606  -20.21  0.100
240000  610  -20.16  0.100
245000  616  -20.16  0.100
250000  621  -20.19  0.100
255000  627  -20.26  0.100
260000  633  -20.27  0.100
265000  638  -20.26  0.100
270000  643  -20.28  0.100
275000  649  -20.25  0.100
280000  654  -20.27  0.100
285000  659  -20.32  0.100
290000  665  -20.32  0.100
295000  668  -20.25  0.100
300000  672  -20.13  0.100
305000  676  -20.04  0.100
310000  680  -19.94  0.100
315000  683  -19.84  0.100
320000  686  -19.78  0.100
325000  689  -19.7  0.100
330000  691  -19.58  0.100
335000  694  -19.47  0.100
340000  698  -19.37  0.100
345000  701  -19.28  0.100
350000  703  -19.23  0.100
355000  706  -19.22  0.100
360000  709  -19.16  0.100
365000  711  -19.1  0.100
370000  714  -19.01  0.100
375000  717  -18.96  0.100
380000  720  -18.88  0.100
385000  723  -18.85  0.100
390000  726  -18.82  0.100
395000  729  -18.74  0.100
400000  731  -18.64  0.100
405000  734  -18.62  0.100
410000  737  -18.46  0.100
415000  739  -18.39  0.100
420000  741  -18.3  0.100
425000  744  -18.16  0.100
430000  747  -18.16  0.100
435000  749  -18.14  0.100
440000  751  -18.1  0.100
445000  754  -18.02  0.100
450000  756  -17.94  0.100
455000  758  -17.88  0.100
460000  760  -17.78  0.100
465000  762  -17.67  0.100
470000  764  -17.53  0.100
475000  766  -17.46  0.100
480000  768  -17.42  0.100
485000  770  -17.36  0.100
490000  772  -17.21  0.100
495000  773  -17.13  0.100
500000  775  -17.02  0.100
505000  778  -16.95  0.100
510000  780  -16.94  0.100
515000  781  -16.92  0.100
520000  782  -16.81  0.100
525000  784  -16.61  0.100
530000  785  -16.55  0.100
535000  787  -16.44  0.100
540000  789  -16.31  0.100
545000  791  -16.25  0.100
550000  792  -16.2  0.100
555000  794  -16.13  0.100
560000  796  -16.06  0.100
565000  798  -15.96  0.100
570000  799  -15.93  0.100
575000  801  -15.8  0.100
580000  802  -15.81  0.100
585000  804  -15.69  0.100
590000  806  -15.58  0.100
595000  808  -15.5  0.100
600000  809  -15.48  0.100
605000  811  -15.47  0.100
610000  812  -15.45  0.100
615000  813  -15.39  0.100
620000  815  -15.19  0.100
625000  816  -15.09  0.100
630000  817  -15.06  0.100
635000  819  -14.88  0.100
640000  820  -14.85  0.100
645000  822  -14.71  0.100
650000  823  -14.65  0.100
655000  824  -14.57  0.100
660000  826  -14.38  0.100
665000  827  -14.29  0.100
670000  829  -14.22  0.100
675000  830  -14.24  0.100
680000  832  -14.09  0.100
685000  833  -14.01  0.100
690000  835  -13.9  0.100
695000  836  -13.88  0.100
700000  837  -13.88  0.100
705000  839  -13.76  0.100
710000  840  -13.69  0.100
715000  841  -13.68  0.100
720000  843  -13.61  0.100
725000  844  -13.53  0.100
730000  845  -13.43  0.100
735000  846  -13.33  0.100
740000  847  -13.23  0.100
745000  849  -13.07  0.100
750000  850  -13.03  0.100
755000  851  -13.0  0.100
760000  853  -12.91  0.100
765000  854  -12.91  0.100
770000  856  -12.85  0.100
775000  857  -12.8  0.100
780000  858  -12.74  0.100
785000  859  -12.7  0.100
790000  861  -12.7  0.100
795000  862  -12.66  0.100
800000  863  -12.66  0.100
805000  865  -12.6  0.100
810000  866  -12.55  0.100
815000  868  -12.52  0.100
820000  869  -12.49  0.100
825000  870  -12.42  0.100
830000  871  -12.42  0.100
835000  872  -12.3  0.100
840000  873  -12.32  0.100
845000  874  -12.35  0.100
850000  876  -12.29  0.100
855000  877  -12.13  0.100
860000  878  -12.04  0.100
865000  878  -12.04  0.100
870000  879  -11.91  0.100
875000  881  -11.68  0.100
880000  882  -11.71  0.100
885000  883  -11.66  0.100
890000  884  -11.66  0.100
895000  885  -11.61  0.100
900000  886  -11.64  0.100
905000  887  -11.58  0.100
910000  888  -11.54  0.100
915000  889  -11.48  0.100
920000  890  -11.44  0.100
925000  891  -11.4  0.100
930000  892  -11.36  0.100
935000  894  -11.27  0.100
940000  895  -11.24  0.100
945000  896  -11.1  0.100
950000  897  -11.01  0.100
955000  898  -10.92  0.100
960000  899  -10.87  0.100
965000  900  -10.82  0.100
970000  901  -10.77  0.100
975000  902  -10.67  0.100
980000  903  -10.52  0.100
985000  904  -10.47  0.100
990000  905  -10.37  0.100
995000  906  -10.29  0.100
1000000  907  -10.15  0.100
1005000  908  -10.07  0.100
1010000  909  -10.03  0.100
1015000  910  -9.86  0.100
1020000  911  -9.81  0.100
1025000  912  -9.74  0.100
1030000  913  -9.72  0.100
1035000  914  -9.71  0.100
1040000  915  -9.55  0.100
1045000  916  -9.48  0.100
1050000  917  -9.42  0.100
1055000  918  -9.32  0.100
1060000  919  -9.24  0.100
1065000  920  -9.15  0.100
1070000  921  -9.04  0.100
1075000  921  -9.04  0.100
1080000  922  -8.91  0.100
1085000  923  -8.77  0.100
1090000  924  -8.58  0.100
1095000  925  -8.45  0.100
1100000  926  -8.43  0.100
1105000  927  -8.45  0.100
1110000  927  -8.45  0.100
1115000  928  -8.31  0.100
1120000  929  -8.15  0.100
1125000  931  -8.01  0.100
1130000  932  -7.82  0.100
1135000  932  -7.82  0.100
1140000  933  -7.71  0.100
1145000  934  -7.66  0.100
1150000  935  -7.53  0.100
1155000  936  -7.44  0.100
1160000  937  -7.3  0.100
1165000  938  -7.21  0.100
1170000  939  -7.09  0.100
1175000  939  -7.09  0.100
1180000  940  -6.94  0.100
1185000  941  -6.83  0.100
1190000  942  -6.66  0.100
1195000  943  -6.54  0.100
1200000  944  -6.52  0.100
1205000  945  -6.4  0.100
1210000  945  -6.4  0.100
1215000  946  -6.31  0.100
1220000  947  -6.15  0.100
1225000  948  -6.11  0.100
1230000  949  -5.97  0.100
1235000  950  -5.84  0.100
1240000  951  -5.62  0.100
1245000  952  -5.37  0.100
1250000  953  -5.28  0.100
1255000  953  -5.28  0.100
1260000  954  -5.1  0.100
1265000  955  -5.01  0.100
1270000  956  -4.88  0.100
1275000  957  -4.71  0.100
1280000  958  -4.7  0.100
1285000  959  -4.57  0.100
1290000  960  -4.45  0.100
1295000  960  -4.45  0.100
1300000  961  -4.3  0.100
1305000  962  -4.28  0.100
1310000  963  -4.14  0.100
1315000  964  -3.99  0.100
1320000  965  -3.83  0.100
1325000  966  -3.73  0.100
1330000  967  -3.57  0.100
1335000  967  -3.57  0.100
1340000  968  -3.47  0.100
1345000  969  -3.45  0.100
1350000  970  -3.37  0.100
1355000  971  -3.29  0.100
1360000  972  -3.23  0.100
1365000  973  -3.1  0.100
1370000  974  -2.91  0.100
1375000  975  -2.76  0.100
1380000  976  -2.72  0.100
1385000  977  -2.77  0.100
1390000  978  -2.65  0.100
1395000  979  -2.69  0.100
1400000  979  -2.69  0.100
1405000  980  -2.62  0.100
1410000  981  -2.51  0.100
1415000  982  -2.44  0.100
1420000  983  -2.48  0.100
1425000  984  -2.34  0.100
1430000  984  -2.34  0.100
1435000  985  -2.28  0.100
1440000  986  -2.23  0.100
1445000  987  -2.04  0.100
1450000  988  -1.91  0.100
1455000  988  -1.91  0.100
1460000  989  -1.83  0.100
1465000  990  -1.72  0.100
1470000  991  -1.69  0.100
1475000  992  -1.63  0.100
1480000  993  -1.5  0.100
1485000  994  -1.44  0.100
1490000  995  -1.34  0.100
1495000  995  -1.34  0.100
1500000  997  -1.3  0.100
1505000  998  -1.3  0.100
1510000  999  -1.24  0.100
1515000  1000  -1.18  0.100
1520000  1001  -1.1  0.100
1525000  1002  -1.06  0.100
1530000  1003  -1.06  0.100
1535000  1004  -0.98  0.100
1540000  1005  -0.85  0.100
1545000  1006  -0.81  0.100
1550000  1007  -0.84  0.100
1555000  1008  -0.83  0.100
1560000  1009  -0.77  0.100
1565000  1010  -0.77  0.100
1570000  1011  -0.62  0.100
1575000  1012  -0.54  0.100
1580000  1013  -0.42  0.100
1585000  1014  -0.35  0.100
1590000  1015  -0.39  0.100
1595000  1016  -0.28  0.100
1600000  1017  -0.21  0.100
1605000  1018  -0.22  0.100
1610000  1019  -0.23  0.100
1615000  1020  -0.13  0.100
1620000  1021  -0.16  0.100
1625000  1022  -0.09  0.100
1630000  1022  -0.09  0.100
1635000  1023  -0.1  0.100
1640000  1024  -0.21  0.100
1645000  1025  -0.24  0.100
1650000  1026  -0.2  0.100
1655000  1027  -0.04  0.100
1660000  1028  -0.02  0.100
1665000  1029  0.03  0.100
1670000  1030  0.1  0.100
1675000  1030  0.1  0.100
1680000  1031  0.22  0.100
1685000  1032  0.08  0.100
1690000  1033  0.12  0.100
1695000  1034  0.2  0.100
1700000  1035  0.14  0.100
1705000  1035  0.14  0.100
1710000  1036  0.14  0.100
1715000  1037  0.18  0.100
1720000  1039  0.38  0.100
1725000  1040  0.39  0.100
1730000  1041  0.4  0.100
1735000  1042  0.37  0.100
1740000  1043  0.44  0.100
1745000  1044  0.55  0.100
1750000  1045  0.48  0.100
1755000  1046  0.54  0.100
1760000  1047  0.54  0.100
1765000  1048  0.64  0.100
1770000  1049  0.6  0.100
1775000  1050  0.58  0.100
1780000  1052  0.35  0.100
1785000  1052  0.35  0.100
1790000  1054  0.27  0.100
1795000  1055  0.27  0.100
1800000  1056  0.32  0.100
1805000  1057  0.34  0.100
1810000  1059  0.56  0.100
1815000  1060  0.48  0.100
1820000  1061  0.54  0.100
1825000  1062  0.57  0.100
1830000  1063  0.59  0.100
1835000  1064  0.65  0.100
1840000  1065  0.61  0.100
1845000  1066  0.7  0.100
1850000  1067  0.75  0.100
1855000  1068  0.86  0.100
1860000  1069  0.98  0.100
1865000  1070  0.99  0.100
1870000  1071  1.05  0.100
1875000  1072  1.03  0.100
1880000  1073  1.11  0.100
1885000  1074  1.13  0.100
1890000  1075  1.13  0.100
1895000  1076  1.28  0.100
1900000  1077  1.44  0.100
1905000  1078  1.51  0.100
1910000  1080  1.67  0.100
1915000  1081  1.56  0.100
1920000  1082  1.63  0.100
1925000  1083  1.69  0.100
1930000  1084  1.65  0.100
1935000  1085  1.75  0.100
1940000  1086  1.84  0.100
1945000  1087  1.86  0.100
1950000  1088  1.81  0.100
1955000  1089  1.82  0.100
1960000  1090  1.87  0.100
1965000  1092  2.06  0.100
1970000  1093  2.12  0.100
1975000  1094  2.15  0.100
1980000  1095  2.05  0.100
1985000  1096  2.08  0.100
1990000  1097  2.18  0.100
1995000  1098  2.21  0.100
2000000  1099  2.24  0.100
2005000  1100  2.19  0.100
2010000  1101  2.19  0.100
2015000  1102  2.24  0.100
2020000  1103  2.25  0.100
2025000  1105  2.32  0.100
2030000  1106  2.39  0.100
2035000  1107  2.46  0.100
2040000  1108  2.55  0.100
2045000  1110  2.66  0.100
2050000  1111  2.62  0.100
2055000  1112  2.6  0.100
2060000  1113  2.6  0.100
2065000  1114  2.61  0.100
2070000  1115  2.69  0.100
2075000  1116  2.68  0.100
2080000  1118  2.79  0.100
2085000  1119  2.89  0.100
2090000  1120  2.9  0.100
2095000  1122  3.01  0.100
2100000  1123  3.09  0.100
2105000  1124  3.19  0.100
2110000  1125  3.24  0.100
2115000  1127  3.4  0.100
2120000  1128  3.51  0.100
2125000  1129  3.53  0.100
2130000  1130  3.57  0.100
2135000  1131  3.6  0.100
2140000  1133  3.8  0.100
2145000  1134  3.83  0.100
2150000  1135  3.97  0.100
2155000  1137  4.13  0.100
2160000  1138  4.16  0.100
2165000  1139  4.08  0.100
2170000  1141  4.07  0.100
2175000  1142  4.09  0.100
2180000  1143  4.09  0.100
2185000  1144  4.12  0.100
2190000  1146  4.22  0.100
2195000  1147  4.15  0.100
2200000  1149  4.29  0.100
2205000  1150  4.4  0.100
2210000  1152  4.6  0.100
2215000  1153  4.67  0.100
2220000  1155  4.92  0.100
2225000  1156  4.93  0.100
2230000  1158  5.03  0.100
2235000  1159  5.02  0.100
2240000  1160  5.21  0.100
2245000  1162  5.4  0.100
2250000  1164  5.5  0.100
2255000  1165  5.49  0.100
2260000  1166  5.41  0.100
2265000  1168  5.45  0.100
2270000  1169  5.49  0.100
2275000  1170  5.5  0.100
2280000  1172  5.59  0.100
2285000  1173  5.62  0.100
2290000  1175  5.63  0.100
2295000  1176  5.56  0.100
2300000  1177  5.57  0.100
2305000  1179  5.53  0.100
2310000  1180  5.59  0.100
2315000  1182  5.77  0.100
2320000  1183  5.89  0.100
2325000  1185  5.94  0.100
2330000  1187  5.86  0.100
2335000  1189  6.03  0.100
2340000  1190  6.07  0.100
2345000  1192  6.12  0.100
2350000  1194  6.22  0.100
2355000  1195  6.36  0.100
2360000  1197  6.44  0.100
2365000  1198  6.52  0.100
2370000  1200  6.77  0.100
